This file contains any messages produced by compilers while
running configure, to aid debugging if configure makes a mistake.

It was created by GLPK configure 4.57, which was
generated by GNU Autoconf 2.69.  Invocation command line was

  $ configure 

## --------- ##
## Platform. ##
## --------- ##

hostname = pedro-HP-Z230-SFF-Workstation
uname -m = x86_64
uname -r = 3.19.0-25-generic
uname -s = Linux
uname -v = #26~14.04.1-Ubuntu SMP Fri Jul 24 21:16:20 UTC 2015

/usr/bin/uname -p = unknown
/bin/uname -X     = unknown

/bin/arch              = unknown
/usr/bin/arch -k       = unknown
/usr/convex/getsysinfo = unknown
/usr/bin/hostinfo      = unknown
/bin/machine           = unknown
/usr/bin/oslevel       = unknown
/bin/universe          = unknown

PATH: /usr/local/sbin
PATH: /usr/local/bin
PATH: /usr/sbin
PATH: /usr/bin
PATH: /sbin
PATH: /bin


## ----------- ##
## Core tests. ##
## ----------- ##

configure:2256: checking for a BSD-compatible install
configure:2324: result: /usr/bin/install -c
configure:2335: checking whether build environment is sane
configure:2390: result: yes
configure:2541: checking for a thread-safe mkdir -p
configure:2580: result: /bin/mkdir -p
configure:2587: checking for gawk
configure:2603: found /usr/bin/gawk
configure:2614: result: gawk
configure:2625: checking whether make sets $(MAKE)
configure:2647: result: yes
configure:2834: checking for gcc
configure:2850: found /usr/bin/gcc
configure:2861: result: gcc
configure:3090: checking for C compiler version
configure:3099: gcc --version >&5
gcc (Ubuntu 4.8.4-2ubuntu1~14.04) 4.8.4
Copyright (C) 2013 Free Software Foundation, Inc.
This is free software; see the source for copying conditions.  There is NO
warranty; not even for MERCHANTABILITY or FITNESS FOR A PARTICULAR PURPOSE.

configure:3110: $? = 0
configure:3099: gcc -v >&5
Using built-in specs.
COLLECT_GCC=gcc
COLLECT_LTO_WRAPPER=/usr/lib/gcc/x86_64-linux-gnu/4.8/lto-wrapper
Target: x86_64-linux-gnu
Configured with: ../src/configure -v --with-pkgversion='Ubuntu 4.8.4-2ubuntu1~14.04' --with-bugurl=file:///usr/share/doc/gcc-4.8/README.Bugs --enable-languages=c,c++,java,go,d,fortran,objc,obj-c++ --prefix=/usr --program-suffix=-4.8 --enable-shared --enable-linker-build-id --libexecdir=/usr/lib --without-included-gettext --enable-threads=posix --with-gxx-include-dir=/usr/include/c++/4.8 --libdir=/usr/lib --enable-nls --with-sysroot=/ --enable-clocale=gnu --enable-libstdcxx-debug --enable-libstdcxx-time=yes --enable-gnu-unique-object --disable-libmudflap --enable-plugin --with-system-zlib --disable-browser-plugin --enable-java-awt=gtk --enable-gtk-cairo --with-java-home=/usr/lib/jvm/java-1.5.0-gcj-4.8-amd64/jre --enable-java-home --with-jvm-root-dir=/usr/lib/jvm/java-1.5.0-gcj-4.8-amd64 --with-jvm-jar-dir=/usr/lib/jvm-exports/java-1.5.0-gcj-4.8-amd64 --with-arch-directory=amd64 --with-ecj-jar=/usr/share/java/eclipse-ecj.jar --enable-objc-gc --enable-multiarch --disable-werror --with-arch-32=i686 --with-abi=m64 --with-multilib-list=m32,m64,mx32 --with-tune=generic --enable-checking=release --build=x86_64-linux-gnu --host=x86_64-linux-gnu --target=x86_64-linux-gnu
Thread model: posix
gcc version 4.8.4 (Ubuntu 4.8.4-2ubuntu1~14.04) 
configure:3110: $? = 0
configure:3099: gcc -V >&5
gcc: error: unrecognized command line option '-V'
gcc: fatal error: no input files
compilation terminated.
configure:3110: $? = 4
configure:3099: gcc -qversion >&5
gcc: error: unrecognized command line option '-qversion'
gcc: fatal error: no input files
compilation terminated.
configure:3110: $? = 4
configure:3130: checking whether the C compiler works
configure:3152: gcc    conftest.c  >&5
configure:3156: $? = 0
configure:3204: result: yes
configure:3207: checking for C compiler default output file name
configure:3209: result: a.out
configure:3215: checking for suffix of executables
configure:3222: gcc -o conftest    conftest.c  >&5
configure:3226: $? = 0
configure:3248: result: 
configure:3270: checking whether we are cross compiling
configure:3278: gcc -o conftest    conftest.c  >&5
configure:3282: $? = 0
configure:3289: ./conftest
configure: line 3291: ./conftest: Permission denied
configure:3293: $? = 126
configure:3300: error: in `/media/pedro/Data/USC/4_Dev/research/scheduling_algorithms/glpk-4.57':
configure:3302: error: cannot run C compiled programs.
If you meant to cross compile, use `--host'.
See `config.log' for more details

## ---------------- ##
## Cache variables. ##
## ---------------- ##

ac_cv_env_CC_set=
ac_cv_env_CC_value=
ac_cv_env_CFLAGS_set=
ac_cv_env_CFLAGS_value=
ac_cv_env_CPPFLAGS_set=
ac_cv_env_CPPFLAGS_value=
ac_cv_env_CPP_set=
ac_cv_env_CPP_value=
ac_cv_env_LDFLAGS_set=
ac_cv_env_LDFLAGS_value=
ac_cv_env_LIBS_set=
ac_cv_env_LIBS_value=
ac_cv_env_build_alias_set=
ac_cv_env_build_alias_value=
ac_cv_env_host_alias_set=
ac_cv_env_host_alias_value=
ac_cv_env_target_alias_set=
ac_cv_env_target_alias_value=
ac_cv_path_install='/usr/bin/install -c'
ac_cv_path_mkdir=/bin/mkdir
ac_cv_prog_AWK=gawk
ac_cv_prog_ac_ct_CC=gcc
ac_cv_prog_make_make_set=yes

## ----------------- ##
## Output variables. ##
## ----------------- ##

ACLOCAL='${SHELL} /media/pedro/Data/USC/4_Dev/research/scheduling_algorithms/glpk-4.57/missing --run aclocal-1.12'
AMDEPBACKSLASH=''
AMDEP_FALSE=''
AMDEP_TRUE=''
AMTAR='$${TAR-tar}'
AR=''
AUTOCONF='${SHELL} /media/pedro/Data/USC/4_Dev/research/scheduling_algorithms/glpk-4.57/missing --run autoconf'
AUTOHEADER='${SHELL} /media/pedro/Data/USC/4_Dev/research/scheduling_algorithms/glpk-4.57/missing --run autoheader'
AUTOMAKE='${SHELL} /media/pedro/Data/USC/4_Dev/research/scheduling_algorithms/glpk-4.57/missing --run automake-1.12'
AWK='gawk'
CC='gcc'
CCDEPMODE=''
CFLAGS=''
CPP=''
CPPFLAGS=''
CYGPATH_W='echo'
DEFS=''
DEPDIR=''
DLLTOOL=''
DSYMUTIL=''
DUMPBIN=''
ECHO_C=''
ECHO_N='-n'
ECHO_T=''
EGREP=''
EXEEXT=''
FGREP=''
GREP=''
INSTALL_DATA='${INSTALL} -m 644'
INSTALL_PROGRAM='${INSTALL}'
INSTALL_SCRIPT='${INSTALL}'
INSTALL_STRIP_PROGRAM='$(install_sh) -c -s'
LD=''
LDFLAGS=''
LIBOBJS=''
LIBS=''
LIBTOOL=''
LIPO=''
LN_S=''
LTLIBOBJS=''
MAKEINFO='${SHELL} /media/pedro/Data/USC/4_Dev/research/scheduling_algorithms/glpk-4.57/missing --run makeinfo'
MANIFEST_TOOL=''
MKDIR_P='/bin/mkdir -p'
NM=''
NMEDIT=''
OBJDUMP=''
OBJEXT=''
OTOOL64=''
OTOOL=''
PACKAGE='glpk'
PACKAGE_BUGREPORT='bug-glpk@gnu.org'
PACKAGE_NAME='GLPK'
PACKAGE_STRING='GLPK 4.57'
PACKAGE_TARNAME='glpk'
PACKAGE_URL=''
PACKAGE_VERSION='4.57'
PATH_SEPARATOR=':'
RANLIB=''
SED=''
SET_MAKE=''
SHELL='/bin/bash'
STRIP=''
VERSION='4.57'
ac_ct_AR=''
ac_ct_CC='gcc'
ac_ct_DUMPBIN=''
am__EXEEXT_FALSE=''
am__EXEEXT_TRUE=''
am__fastdepCC_FALSE=''
am__fastdepCC_TRUE=''
am__include=''
am__isrc=''
am__leading_dot='.'
am__nodep=''
am__quote=''
am__tar='$${TAR-tar} chof - "$$tardir"'
am__untar='$${TAR-tar} xf -'
bindir='${exec_prefix}/bin'
build=''
build_alias=''
build_cpu=''
build_os=''
build_vendor=''
datadir='${datarootdir}'
datarootdir='${prefix}/share'
docdir='${datarootdir}/doc/${PACKAGE_TARNAME}'
dvidir='${docdir}'
exec_prefix='NONE'
host=''
host_alias=''
host_cpu=''
host_os=''
host_vendor=''
htmldir='${docdir}'
includedir='${prefix}/include'
infodir='${datarootdir}/info'
install_sh='${SHELL} /media/pedro/Data/USC/4_Dev/research/scheduling_algorithms/glpk-4.57/install-sh'
libdir='${exec_prefix}/lib'
libexecdir='${exec_prefix}/libexec'
localedir='${datarootdir}/locale'
localstatedir='${prefix}/var'
mandir='${datarootdir}/man'
mkdir_p='$(MKDIR_P)'
oldincludedir='/usr/include'
pdfdir='${docdir}'
prefix='NONE'
program_transform_name='s,x,x,'
psdir='${docdir}'
sbindir='${exec_prefix}/sbin'
sharedstatedir='${prefix}/com'
sysconfdir='${prefix}/etc'
target_alias=''

## ----------- ##
## confdefs.h. ##
## ----------- ##

/* confdefs.h */
#define PACKAGE_NAME "GLPK"
#define PACKAGE_TARNAME "glpk"
#define PACKAGE_VERSION "4.57"
#define PACKAGE_STRING "GLPK 4.57"
#define PACKAGE_BUGREPORT "bug-glpk@gnu.org"
#define PACKAGE_URL ""
#define PACKAGE "glpk"
#define VERSION "4.57"

configure: exit 1
